\BOOKMARK [0][-]{chapter*.5}{\376\377\000\332\000v\000o\000d}{}% 1
\BOOKMARK [0][-]{chapter.1}{\376\377\000A\000n\000a\000l\000\375\000z\000a}{}% 2
\BOOKMARK [1][-]{section.1.1}{\376\377\000W\000e\000b\000\040\000s\000c\000r\000a\000p\000i\000n\000g}{chapter.1}% 3
\BOOKMARK [1][-]{section.1.2}{\376\377\000P\000r\000\341\000v\000n\000\355\000\040\000a\000s\000p\000e\000k\000t}{chapter.1}% 4
\BOOKMARK [1][-]{section.1.3}{\376\377\000A\000n\000a\000l\000\375\000z\000a\000\040\000k\000o\000n\000k\000u\000r\000e\000n\001\015\000n\000\355\000c\000h\000\040\000n\000\341\000s\000t\000r\000o\000j\001\157}{chapter.1}% 5
\BOOKMARK [0][-]{chapter.2}{\376\377\000N\000\341\000v\000r\000h}{}% 6
\BOOKMARK [1][-]{section.2.1}{\376\377\000S\000p\000e\000c\000i\000f\000i\000k\000a\000c\000e\000\040\000p\000o\001\176\000a\000d\000a\000v\000k\001\157}{chapter.2}% 7
\BOOKMARK [1][-]{section.2.2}{\376\377\000P\001\131\000\355\000p\000a\000d\000y\000\040\000u\001\176\000i\000t\000\355}{chapter.2}% 8
\BOOKMARK [1][-]{section.2.3}{\376\377\000A\000r\000c\000h\000i\000t\000e\000k\000t\000u\000r\000a\000\040\000s\000y\000s\000t\000\351\000m\000u}{chapter.2}% 9
\BOOKMARK [1][-]{section.2.4}{\376\377\000N\000\341\000v\000r\000h\000\040\000u\001\176\000i\000v\000a\000t\000e\000l\000s\000k\000\351\000h\000o\000\040\000r\000o\000z\000h\000r\000a\000n\000\355}{chapter.2}% 10
\BOOKMARK [0][-]{chapter.3}{\376\377\000R\000e\000a\000l\000i\000z\000a\000c\000e}{}% 11
\BOOKMARK [1][-]{section.3.1}{\376\377\000D\000i\000s\000k\000u\000z\000e\000\040\000m\000o\001\176\000n\000\375\000c\000h\000\040\001\131\000e\001\141\000e\000n\000\355}{chapter.3}% 12
\BOOKMARK [1][-]{section.3.2}{\376\377\000P\000o\000u\001\176\000i\000t\000\351\000\040\000t\000e\000c\000h\000n\000o\000l\000o\000g\000i\000e}{chapter.3}% 13
\BOOKMARK [1][-]{section.3.3}{\376\377\000P\001\131\000e\000d\000s\000t\000a\000v\000e\000n\000\355\000\040\000n\000\341\000s\000t\000r\000o\000j\000e}{chapter.3}% 14
\BOOKMARK [1][-]{section.3.4}{\376\377\000I\000m\000p\000l\000e\000m\000e\000n\000t\000a\000c\000e\000\040\000z\000v\000o\000l\000e\000n\000\351\000h\000o\000\040\001\131\000e\001\141\000e\000n\000\355}{chapter.3}% 15
\BOOKMARK [0][-]{chapter.4}{\376\377\000T\000e\000s\000t\000o\000v\000\341\000n\000\355}{}% 16
\BOOKMARK [0][-]{chapter*.30}{\376\377\000Z\000\341\000v\001\033\000r}{}% 17
\BOOKMARK [0][-]{section*.32}{\376\377\000L\000i\000t\000e\000r\000a\000t\000u\000r\000a}{}% 18
\BOOKMARK [0][-]{appendix.A}{\376\377\000S\000e\000z\000n\000a\000m\000\040\000p\000o\000u\001\176\000i\000t\000\375\000c\000h\000\040\000z\000k\000r\000a\000t\000e\000k}{}% 19
\BOOKMARK [0][-]{appendix.B}{\376\377\000O\000b\000s\000a\000h\000\040\000p\001\131\000i\000l\000o\001\176\000e\000n\000\351\000h\000o\000\040\000C\000D}{}% 20
